==========================================
Starting Bioinformatics Pipeline
==========================================
Current execution directory: /mnt/data/bioinfo-estadistica-2/enosedal/BioInfo2026-2-ENG/module_03_databases/scripts
[0/7 Running R package installer...]

All packages installed/verified.
[1/7] Running biomaRt annotation...
[2/7] Running ClinVar/GWAS retrieval...
[3/7] Running structural annotation...
[4/7] Running GEO expression analysis...
[1] 54675   105
[5/7] Running pathway enrichment...
[6/7] Running STRING interactions...
Response [https://string-db.org/api/tsv/network?identifiers=RET%0dBRAF%0dIL10%0dSTAT3%0dCTLA4&species=9606]
  Date: 2026-05-29 11:09
  Status: 200
  Content-Type: text/tab-separated-values; charset=utf-8
  Size: 895 B
<ON DISK>  /tmp/RtmpRF4NLU/file2a5c745246d641.tsv[7/7] Building integrated summary...
==========================================
Pipeline completed successfully
==========================================
