/cm/shared/apps/r/4.4.1-studio/bin/R
R version 4.4.1 (2024-06-14) -- "Race for Your Life"
Copyright (C) 2024 The R Foundation for Statistical Computing
Platform: x86_64-pc-linux-gnu

R is free software and comes with ABSOLUTELY NO WARRANTY.
You are welcome to redistribute it under the terms of the
GNU General Public License versions 2 or 3.
For more information about these matters see
https://www.gnu.org/licenses/.

[1] "/cm/shared/apps/r/4.4.1-studio/lib64/R/library"  
[2] "/home/enosedal/R/x86_64-pc-linux-gnu-library/4.4"
==========================================
Starting Bioinformatics Pipeline
==========================================
Current execution directory: /mnt/data/bioinfo-estadistica-2/enosedal/BioInfo2026-2-ENG/module_03_databases/scripts
[0/7 Running R package installer...]

All packages installed/verified.
[1/7] Running biomaRt annotation...
[2/7] Running ClinVar/GWAS retrieval...
[3/7] Running structural annotation...
[4/7] Running GEO expression analysis...
[1] 54675   105
[5/7] Running pathway enrichment...
[6/7] Running STRING interactions...
Response [https://string-db.org/api/tsv/network?identifiers=RET%0dBRAF%0dIL10%0dSTAT3%0dCTLA4&species=9606]
  Date: 2026-05-29 11:13
  Status: 200
  Content-Type: text/tab-separated-values; charset=utf-8
  Size: 895 B
<ON DISK>  /tmp/RtmpStD1W2/file2a5e3f5ea69078.tsv[7/7] Building integrated summary...
==========================================
Pipeline completed successfully
==========================================
